Arguments: 
  /usr/bin/node /usr/share/yarn/bin/yarn.js add express cors mongoose

PATH: 
  /usr/local/sbin:/usr/local/bin:/usr/sbin:/usr/bin:/sbin:/bin:/usr/games:/usr/local/games:/snap/bin:/home/vincent/Android/Sdk/emulator:ANDROID_HOME/tools:/home/vincent/Android/Sdk/tools/bin:/home/vincent/Android/Sdk/platform-tools

Yarn version: 
  1.22.5

Node version: 
  14.15.5

Platform: 
  linux x64

Trace: 
  Error: https://registry.yarnpkg.com/express: ETIMEDOUT
      at Timeout._onTimeout (/usr/share/yarn/lib/cli.js:141409:19)
      at listOnTimeout (internal/timers.js:554:17)
      at processTimers (internal/timers.js:497:7)

npm manifest: 
  {
    "name": "IsaacFolder",
    "version": "1.0.0",
    "main": "index.js",
    "license": "MIT"
  }

yarn manifest: 
  No manifest

Lockfile: 
  No lockfile
